app/build/outputs/logs/manifest-merger-debug-report.txt
-- Merging decision tree log ---
manifest
ADDED from src\main\AndroidManifest.xml:2:1-57:12
	xmlns:android
		ADDED from src\main\AndroidManifest.xml:2:11-69
	package
		ADDED from src\main\AndroidManifest.xml:3:5-37
		INJECTED from src\main\AndroidManifest.xml
		INJECTED from src\main\AndroidManifest.xml
	android:versionName
		ADDED from src\main\AndroidManifest.xml:5:5-30
	android:versionCode
		ADDED from src\main\AndroidManifest.xml:4:5-28
		INJECTED from src\main\AndroidManifest.xml
		INJECTED from src\main\AndroidManifest.xml
uses-sdk
ADDED from src\main\AndroidManifest.xml:7:5-9:41
MERGED from [com.android.support:appcompat-v7:21.0.3] AndroidManifest.xml:15:5-42
MERGED from [com.android.support:support-v4:21.0.3] AndroidManifest.xml:15:5-42
	android:targetSdkVersion
		ADDED from src\main\AndroidManifest.xml:9:9-38
		INJECTED from src\main\AndroidManifest.xml
		INJECTED from src\main\AndroidManifest.xml
	android:minSdkVersion
		ADDED from src\main\AndroidManifest.xml:8:9-35
		INJECTED from src\main\AndroidManifest.xml
		INJECTED from src\main\AndroidManifest.xml
uses-permission#android.permission.INTERNET
ADDED from src\main\AndroidManifest.xml:11:5-67
	android:name
		ADDED from src\main\AndroidManifest.xml:11:22-64
uses-permission#android.permission.ACCESS_FINE_LOCATION
ADDED from src\main\AndroidManifest.xml:12:5-79
	android:name
		ADDED from src\main\AndroidManifest.xml:12:22-76
uses-permission#android.permission.READ_PHONE_STATE
ADDED from src\main\AndroidManifest.xml:13:5-74
	android:name
		ADDED from src\main\AndroidManifest.xml:13:22-72
application
ADDED from src\main\AndroidManifest.xml:15:5-55:19
MERGED from [com.android.support:appcompat-v7:21.0.3] AndroidManifest.xml:16:5-19
MERGED from [com.android.support:support-v4:21.0.3] AndroidManifest.xml:16:5-19
	android:label
		ADDED from src\main\AndroidManifest.xml:18:9-41
	android:allowBackup
		ADDED from src\main\AndroidManifest.xml:16:9-35
	android:icon
		ADDED from src\main\AndroidManifest.xml:17:9-45
	android:theme
		ADDED from src\main\AndroidManifest.xml:19:9-40
activity#com.nearby.nearbyadmin.LoginMainActivity
ADDED from src\main\AndroidManifest.xml:21:9-30:20
	android:label
		ADDED from src\main\AndroidManifest.xml:24:13-39
	android:name
		ADDED from src\main\AndroidManifest.xml:23:13-68
intent-filter#android.intent.action.MAIN+android.intent.category.LAUNCHER
ADDED from src\main\AndroidManifest.xml:25:13-29:29
action#android.intent.action.MAIN
ADDED from src\main\AndroidManifest.xml:26:17-69
	android:name
		ADDED from src\main\AndroidManifest.xml:26:25-66
category#android.intent.category.LAUNCHER
ADDED from src\main\AndroidManifest.xml:28:17-77
	android:name
		ADDED from src\main\AndroidManifest.xml:28:27-74
activity#com.nearby.nearbyadmin.RegisterActivity3
ADDED from src\main\AndroidManifest.xml:32:9-33:61
	android:label
		ADDED from src\main\AndroidManifest.xml:33:19-49
	android:name
		ADDED from src\main\AndroidManifest.xml:32:19-74
activity#com.nearby.nearbyadmin.AboutUs
ADDED from src\main\AndroidManifest.xml:35:9-36:53
	android:label
		ADDED from src\main\AndroidManifest.xml:36:13-41
	android:name
		ADDED from src\main\AndroidManifest.xml:35:19-64
activity#com.nearby.nearbyadmin.ContactUs
ADDED from src\main\AndroidManifest.xml:38:9-39:51
	android:label
		ADDED from src\main\AndroidManifest.xml:39:13-39
	android:name
		ADDED from src\main\AndroidManifest.xml:38:19-66
activity#com.nearby.nearbyadmin.LoginActivity3
ADDED from src\main\AndroidManifest.xml:41:9-42:60
	android:label
		ADDED from src\main\AndroidManifest.xml:42:13-48
	android:name
		ADDED from src\main\AndroidManifest.xml:41:19-71
activity#com.nearby.nearbyadmin.RegisterActivity
ADDED from src\main\AndroidManifest.xml:47:9-48:55
	android:label
		ADDED from src\main\AndroidManifest.xml:48:13-43
	android:name
		ADDED from src\main\AndroidManifest.xml:47:19-73
activity#com.nearby.nearbyadmin.LoginPostPageActivity
ADDED from src\main\AndroidManifest.xml:50:9-51:63
	android:label
		ADDED from src\main\AndroidManifest.xml:51:13-51
	android:name
		ADDED from src\main\AndroidManifest.xml:50:19-78
activity#com.nearby.nearbyadmin.GalleryDetailActivity
ADDED from src\main\AndroidManifest.xml:53:9-54:57
	android:label
		ADDED from src\main\AndroidManifest.xml:54:13-45
	android:name
		ADDED from src\main\AndroidManifest.xml:53:19-78